node:internal/modules/cjs/loader:1080
  throw err;
  ^

Error: Cannot find module '/home/ec2-user/bubble/server.js'
    at Module._resolveFilename (node:internal/modules/cjs/loader:1077:15)
    at Module._load (node:internal/modules/cjs/loader:922:27)
    at Function.executeUserEntryPoint [as runMain] (node:internal/modules/run_main:81:12)
    at node:internal/main/run_main_module:23:47 {
  code: 'MODULE_NOT_FOUND',
  requireStack: []
}

Node.js v18.17.1
node:internal/modules/cjs/loader:1080
  throw err;
  ^

Error: Cannot find module '/home/ec2-user/bubble/server.js'
    at Module._resolveFilename (node:internal/modules/cjs/loader:1077:15)
    at Module._load (node:internal/modules/cjs/loader:922:27)
    at Function.executeUserEntryPoint [as runMain] (node:internal/modules/run_main:81:12)
    at node:internal/main/run_main_module:23:47 {
  code: 'MODULE_NOT_FOUND',
  requireStack: []
}

Node.js v18.17.1
node:internal/modules/cjs/loader:1080
  throw err;
  ^

Error: Cannot find module 'morgan'
Require stack:
- /home/ec2-user/bubble/index.js
    at Module._resolveFilename (node:internal/modules/cjs/loader:1077:15)
    at Module._load (node:internal/modules/cjs/loader:922:27)
    at Module.require (node:internal/modules/cjs/loader:1143:19)
    at require (node:internal/modules/cjs/helpers:121:18)
    at Object.<anonymous> (/home/ec2-user/bubble/index.js:3:16)
    at Module._compile (node:internal/modules/cjs/loader:1256:14)
    at Module._extensions..js (node:internal/modules/cjs/loader:1310:10)
    at Module.load (node:internal/modules/cjs/loader:1119:32)
    at Module._load (node:internal/modules/cjs/loader:960:12)
    at Function.executeUserEntryPoint [as runMain] (node:internal/modules/run_main:81:12) {
  code: 'MODULE_NOT_FOUND',
  requireStack: [ '/home/ec2-user/bubble/index.js' ]
}

Node.js v18.17.1
